<!DOCTYPE html>

<html>
  <head>
  <meta charset='utf-8'>
  <title>TestNG reports</title>

    <link type="text/css" href="testng-reports1.css" rel="stylesheet" id="ultra" />
    <link type="text/css" href="testng-reports.css" rel="stylesheet" id="retro" disabled="false"/>
    <script type="text/javascript" src="jquery-3.6.0.min.js"></script>
    <script type="text/javascript" src="testng-reports.js"></script>
    <script type="text/javascript" src="https://www.google.com/jsapi"></script>
    <script type='text/javascript'>
      google.load('visualization', '1', {packages:['table']});
      google.setOnLoadCallback(drawTable);
      var suiteTableInitFunctions = new Array();
      var suiteTableData = new Array();
    </script>
    <!--
      <script type="text/javascript" src="jquery-ui/js/jquery-ui-1.8.16.custom.min.js"></script>
     -->
  </head>

  <body>    <div class="top-banner-root">
      <span class="top-banner-title-font">Test results</span>
      <button id="button" class="button">Switch Retro Theme</button> <!-- button -->
      <br/>
      <span class="top-banner-font-1">1 suite, 12 failed tests</span>
    </div> <!-- top-banner-root -->
    <div class="navigator-root">
      <div class="navigator-suite-header">
        <span>All suites</span>
        <a href="#" title="Collapse/expand all the suites" class="collapse-all-link">
          <img src="collapseall.gif" class="collapse-all-icon">
          </img> <!-- collapse-all-icon -->
        </a> <!-- collapse-all-link -->
      </div> <!-- navigator-suite-header -->
      <div class="suite">
        <div class="rounded-window">
          <div class="suite-header light-rounded-window-top">
            <a href="#" panel-name="suite-Default_suite" class="navigator-link">
              <span class="suite-name border-failed">Default suite</span>
            </a> <!-- navigator-link -->
          </div> <!-- suite-header light-rounded-window-top -->
          <div class="navigator-suite-content">
            <div class="suite-section-title">
              <span>Info</span>
            </div> <!-- suite-section-title -->
            <div class="suite-section-content">
              <ul>
                <li>
                  <a href="#" panel-name="test-xml-Default_suite" class="navigator-link ">
                    <span>C:\Users\RITAM BHATTACHARYA\AppData\Local\Temp\testng-eclipse--967218141\testng-customsuite.xml</span>
                  </a> <!-- navigator-link  -->
                </li>
                <li>
                  <a href="#" panel-name="testlist-Default_suite" class="navigator-link ">
                    <span class="test-stats">1 test</span>
                  </a> <!-- navigator-link  -->
                </li>
                <li>
                  <a href="#" panel-name="group-Default_suite" class="navigator-link ">
                    <span>1 group</span>
                  </a> <!-- navigator-link  -->
                </li>
                <li>
                  <a href="#" panel-name="times-Default_suite" class="navigator-link ">
                    <span>Times</span>
                  </a> <!-- navigator-link  -->
                </li>
                <li>
                  <a href="#" panel-name="reporter-Default_suite" class="navigator-link ">
                    <span>Reporter output</span>
                  </a> <!-- navigator-link  -->
                </li>
                <li>
                  <a href="#" panel-name="ignored-methods-Default_suite" class="navigator-link ">
                    <span>Ignored methods</span>
                  </a> <!-- navigator-link  -->
                </li>
                <li>
                  <a href="#" panel-name="chronological-Default_suite" class="navigator-link ">
                    <span>Chronological view</span>
                  </a> <!-- navigator-link  -->
                </li>
              </ul>
            </div> <!-- suite-section-content -->
            <div class="result-section">
              <div class="suite-section-title">
                <span>Results</span>
              </div> <!-- suite-section-title -->
              <div class="suite-section-content">
                <ul>
                  <li>
                    <span class="method-stats">27 methods, 12 failed,   15 passed</span>
                  </li>
                  <li>
                    <span class="method-list-title failed">Failed methods</span>
                    <span class="show-or-hide-methods failed">
                      <a href="#" panel-name="suite-Default_suite" class="hide-methods failed suite-Default_suite"> (hide)</a> <!-- hide-methods failed suite-Default_suite -->
                      <a href="#" panel-name="suite-Default_suite" class="show-methods failed suite-Default_suite"> (show)</a> <!-- show-methods failed suite-Default_suite -->
                    </span>
                    <div class="method-list-content failed suite-Default_suite">
                      <span>
                        <img src="failed.png" width="3%"/>
                        <a href="#" panel-name="suite-Default_suite" title="runner.RunnerTest" class="method navigator-link" hash-for-method="runScenario(&quot;Enter an invalid email&quot;, &quot;Validate the Get a Library Card form fields&quot;)">runScenario("Enter an invalid email", "Validate the Get a Library Card form fields")</a> <!-- method navigator-link -->
                      </span>
                      <br/>
                      <span>
                        <img src="failed.png" width="3%"/>
                        <a href="#" panel-name="suite-Default_suite" title="runner.RunnerTest" class="method navigator-link" hash-for-method="runScenario(&quot;Leave the phone number field blank&quot;, &quot;Validate the Get a Library Card form fields&quot;)">runScenario("Leave the phone number field blank", "Validate the Get a Library Card form fields")</a> <!-- method navigator-link -->
                      </span>
                      <br/>
                      <span>
                        <img src="failed.png" width="3%"/>
                        <a href="#" panel-name="suite-Default_suite" title="runner.RunnerTest" class="method navigator-link" hash-for-method="runScenario(&quot;Enter an invalid phone number&quot;, &quot;Validate the Get a Library Card form fields&quot;)">runScenario("Enter an invalid phone number", "Validate the Get a Library Card form fields")</a> <!-- method navigator-link -->
                      </span>
                      <br/>
                      <span>
                        <img src="failed.png" width="3%"/>
                        <a href="#" panel-name="suite-Default_suite" title="runner.RunnerTest" class="method navigator-link" hash-for-method="runScenario(&quot;Submit form with space in subject&quot;, &quot;Advanced Search Functionality&quot;)">runScenario("Submit form with space in subject", "Advanced Search Functionality")</a> <!-- method navigator-link -->
                      </span>
                      <br/>
                      <span>
                        <img src="failed.png" width="3%"/>
                        <a href="#" panel-name="suite-Default_suite" title="runner.RunnerTest" class="method navigator-link" hash-for-method="runScenario(&quot;Leave the age field blank&quot;, &quot;Validate the Get a Library Card form fields&quot;)">runScenario("Leave the age field blank", "Validate the Get a Library Card form fields")</a> <!-- method navigator-link -->
                      </span>
                      <br/>
                      <span>
                        <img src="failed.png" width="3%"/>
                        <a href="#" panel-name="suite-Default_suite" title="runner.RunnerTest" class="method navigator-link" hash-for-method="runScenario(&quot;Validate Chat section with invalid phone number&quot;, &quot;Contact and Query resolving services&quot;)">runScenario("Validate Chat section with invalid phone number", "Contact and Query resolving services")</a> <!-- method navigator-link -->
                      </span>
                      <br/>
                      <span>
                        <img src="failed.png" width="3%"/>
                        <a href="#" panel-name="suite-Default_suite" title="runner.RunnerTest" class="method navigator-link" hash-for-method="runScenario(&quot;Validate Email option with invalid email id&quot;, &quot;Contact and Query resolving services&quot;)">runScenario("Validate Email option with invalid email id", "Contact and Query resolving services")</a> <!-- method navigator-link -->
                      </span>
                      <br/>
                      <span>
                        <img src="failed.png" width="3%"/>
                        <a href="#" panel-name="suite-Default_suite" title="runner.RunnerTest" class="method navigator-link" hash-for-method="runScenario(&quot;Validate Chat section with invalid name&quot;, &quot;Contact and Query resolving services&quot;)">runScenario("Validate Chat section with invalid name", "Contact and Query resolving services")</a> <!-- method navigator-link -->
                      </span>
                      <br/>
                      <span>
                        <img src="failed.png" width="3%"/>
                        <a href="#" panel-name="suite-Default_suite" title="runner.RunnerTest" class="method navigator-link" hash-for-method="runScenario(&quot;Enter an incorrect age&quot;, &quot;Validate the Get a Library Card form fields&quot;)">runScenario("Enter an incorrect age", "Validate the Get a Library Card form fields")</a> <!-- method navigator-link -->
                      </span>
                      <br/>
                      <span>
                        <img src="failed.png" width="3%"/>
                        <a href="#" panel-name="suite-Default_suite" title="runner.RunnerTest" class="method navigator-link" hash-for-method="runScenario(&quot;Leave the first name blank&quot;, &quot;Validate the Get a Library Card form fields&quot;)">runScenario("Leave the first name blank", "Validate the Get a Library Card form fields")</a> <!-- method navigator-link -->
                      </span>
                      <br/>
                      <span>
                        <img src="failed.png" width="3%"/>
                        <a href="#" panel-name="suite-Default_suite" title="runner.RunnerTest" class="method navigator-link" hash-for-method="runScenario(&quot;Validate only one option selection in service page&quot;, &quot;Contact and Query resolving services&quot;)">runScenario("Validate only one option selection in service page", "Contact and Query resolving services")</a> <!-- method navigator-link -->
                      </span>
                      <br/>
                      <span>
                        <img src="failed.png" width="3%"/>
                        <a href="#" panel-name="suite-Default_suite" title="runner.RunnerTest" class="method navigator-link" hash-for-method="runScenario(&quot;Submit form with space in author name&quot;, &quot;Advanced Search Functionality&quot;)">runScenario("Submit form with space in author name", "Advanced Search Functionality")</a> <!-- method navigator-link -->
                      </span>
                      <br/>
                    </div> <!-- method-list-content failed suite-Default_suite -->
                  </li>
                  <li>
                    <span class="method-list-title passed">Passed methods</span>
                    <span class="show-or-hide-methods passed">
                      <a href="#" panel-name="suite-Default_suite" class="hide-methods passed suite-Default_suite"> (hide)</a> <!-- hide-methods passed suite-Default_suite -->
                      <a href="#" panel-name="suite-Default_suite" class="show-methods passed suite-Default_suite"> (show)</a> <!-- show-methods passed suite-Default_suite -->
                    </span>
                    <div class="method-list-content passed suite-Default_suite">
                      <span>
                        <img src="passed.png" width="3%"/>
                        <a href="#" panel-name="suite-Default_suite" title="runner.RunnerTest" class="method navigator-link" hash-for-method="runScenario(&quot;Submit form without entering subject&quot;, &quot;Advanced Search Functionality&quot;)">runScenario("Submit form without entering subject", "Advanced Search Functionality")</a> <!-- method navigator-link -->
                      </span>
                      <br/>
                      <span>
                        <img src="passed.png" width="3%"/>
                        <a href="#" panel-name="suite-Default_suite" title="runner.RunnerTest" class="method navigator-link" hash-for-method="runScenario(&quot;Validate Chat section with valid name&quot;, &quot;Contact and Query resolving services&quot;)">runScenario("Validate Chat section with valid name", "Contact and Query resolving services")</a> <!-- method navigator-link -->
                      </span>
                      <br/>
                      <span>
                        <img src="passed.png" width="3%"/>
                        <a href="#" panel-name="suite-Default_suite" title="runner.RunnerTest" class="method navigator-link" hash-for-method="runScenario(&quot;Validate author name with valid input&quot;, &quot;Advanced Search Functionality&quot;)">runScenario("Validate author name with valid input", "Advanced Search Functionality")</a> <!-- method navigator-link -->
                      </span>
                      <br/>
                      <span>
                        <img src="passed.png" width="3%"/>
                        <a href="#" panel-name="suite-Default_suite" title="runner.RunnerTest" class="method navigator-link" hash-for-method="runScenario(&quot;Validate Email option with valid email id&quot;, &quot;Contact and Query resolving services&quot;)">runScenario("Validate Email option with valid email id", "Contact and Query resolving services")</a> <!-- method navigator-link -->
                      </span>
                      <br/>
                      <span>
                        <img src="passed.png" width="3%"/>
                        <a href="#" panel-name="suite-Default_suite" title="runner.RunnerTest" class="method navigator-link" hash-for-method="runScenario(&quot;Submit form without entering author name&quot;, &quot;Advanced Search Functionality&quot;)">runScenario("Submit form without entering author name", "Advanced Search Functionality")</a> <!-- method navigator-link -->
                      </span>
                      <br/>
                      <span>
                        <img src="passed.png" width="3%"/>
                        <a href="#" panel-name="suite-Default_suite" title="runner.RunnerTest" class="method navigator-link" hash-for-method="runScenario(&quot;Validate Email option with blank email id&quot;, &quot;Contact and Query resolving services&quot;)">runScenario("Validate Email option with blank email id", "Contact and Query resolving services")</a> <!-- method navigator-link -->
                      </span>
                      <br/>
                      <span>
                        <img src="passed.png" width="3%"/>
                        <a href="#" panel-name="suite-Default_suite" title="runner.RunnerTest" class="method navigator-link" hash-for-method="runScenario(&quot;Enter an invalid first name&quot;, &quot;Validate the Get a Library Card form fields&quot;)">runScenario("Enter an invalid first name", "Validate the Get a Library Card form fields")</a> <!-- method navigator-link -->
                      </span>
                      <br/>
                      <span>
                        <img src="passed.png" width="3%"/>
                        <a href="#" panel-name="suite-Default_suite" title="runner.RunnerTest" class="method navigator-link" hash-for-method="runScenario(&quot;Submit form without selecting edition&quot;, &quot;Advanced Search Functionality&quot;)">runScenario("Submit form without selecting edition", "Advanced Search Functionality")</a> <!-- method navigator-link -->
                      </span>
                      <br/>
                      <span>
                        <img src="passed.png" width="3%"/>
                        <a href="#" panel-name="suite-Default_suite" title="runner.RunnerTest" class="method navigator-link" hash-for-method="runScenario(&quot;Validate Chat section with blank phone number&quot;, &quot;Contact and Query resolving services&quot;)">runScenario("Validate Chat section with blank phone number", "Contact and Query resolving services")</a> <!-- method navigator-link -->
                      </span>
                      <br/>
                      <span>
                        <img src="passed.png" width="3%"/>
                        <a href="#" panel-name="suite-Default_suite" title="runner.RunnerTest" class="method navigator-link" hash-for-method="runScenario(&quot;Submit form without selecting age group&quot;, &quot;Advanced Search Functionality&quot;)">runScenario("Submit form without selecting age group", "Advanced Search Functionality")</a> <!-- method navigator-link -->
                      </span>
                      <br/>
                      <span>
                        <img src="passed.png" width="3%"/>
                        <a href="#" panel-name="suite-Default_suite" title="runner.RunnerTest" class="method navigator-link" hash-for-method="runScenario(&quot;Enter an invalid last name&quot;, &quot;Validate the Get a Library Card form fields&quot;)">runScenario("Enter an invalid last name", "Validate the Get a Library Card form fields")</a> <!-- method navigator-link -->
                      </span>
                      <br/>
                      <span>
                        <img src="passed.png" width="3%"/>
                        <a href="#" panel-name="suite-Default_suite" title="runner.RunnerTest" class="method navigator-link" hash-for-method="runScenario(&quot;Validate Chat section with blank name&quot;, &quot;Contact and Query resolving services&quot;)">runScenario("Validate Chat section with blank name", "Contact and Query resolving services")</a> <!-- method navigator-link -->
                      </span>
                      <br/>
                      <span>
                        <img src="passed.png" width="3%"/>
                        <a href="#" panel-name="suite-Default_suite" title="runner.RunnerTest" class="method navigator-link" hash-for-method="runScenario(&quot;Validate Chat section with valid phone number&quot;, &quot;Contact and Query resolving services&quot;)">runScenario("Validate Chat section with valid phone number", "Contact and Query resolving services")</a> <!-- method navigator-link -->
                      </span>
                      <br/>
                      <span>
                        <img src="passed.png" width="3%"/>
                        <a href="#" panel-name="suite-Default_suite" title="runner.RunnerTest" class="method navigator-link" hash-for-method="runScenario(&quot;Submit the form with all valid data&quot;, &quot;Validate the Get a Library Card form fields&quot;)">runScenario("Submit the form with all valid data", "Validate the Get a Library Card form fields")</a> <!-- method navigator-link -->
                      </span>
                      <br/>
                      <span>
                        <img src="passed.png" width="3%"/>
                        <a href="#" panel-name="suite-Default_suite" title="runner.RunnerTest" class="method navigator-link" hash-for-method="runScenario(&quot;Submit form without selecting book format&quot;, &quot;Advanced Search Functionality&quot;)">runScenario("Submit form without selecting book format", "Advanced Search Functionality")</a> <!-- method navigator-link -->
                      </span>
                      <br/>
                    </div> <!-- method-list-content passed suite-Default_suite -->
                  </li>
                </ul>
              </div> <!-- suite-section-content -->
            </div> <!-- result-section -->
          </div> <!-- navigator-suite-content -->
        </div> <!-- rounded-window -->
      </div> <!-- suite -->
    </div> <!-- navigator-root -->
    <div class="wrapper">
      <div class="main-panel-root">
        <div panel-name="suite-Default_suite" class="panel Default_suite">
          <div class="suite-Default_suite-class-failed">
            <div class="main-panel-header rounded-window-top">
              <img src="failed.png"/>
              <span class="class-name">runner.RunnerTest</span>
            </div> <!-- main-panel-header rounded-window-top -->
            <div class="main-panel-content rounded-window-bottom">
              <div class="method">
                <div class="method-content">
                  <a name="runScenario(&quot;Enter an invalid email&quot;, &quot;Validate the Get a Library Card form fields&quot;)">
                  </a> <!-- runScenario("Enter an invalid email", "Validate the Get a Library Card form fields") -->
                  <span class="method-name">runScenario</span>
                  <span class="parameters">("Enter an invalid email","Validate the Get a Library Card form fields")</span>
                  <div class="stack-trace">java.lang.AssertionError: Expected error message not displayed: Please enter a valid email
	at org.junit.Assert.fail(Assert.java:89)
	at org.junit.Assert.assertTrue(Assert.java:42)
	at stepDefinition.LibraryCardStep.an_error_message_should_appear_saying(LibraryCardStep.java:99)
	at ✽.an error message should appear saying &quot;Please enter a valid email&quot;(file:///C:/WorkSpaces/Sprint2/sprint2/LibraryManagement/src/test/java/features/libraryCard.feature:77)

</div> <!-- stack-trace -->
                  <em>
(Runs Cucumber Scenarios)                  </em>
                </div> <!-- method-content -->
              </div> <!-- method -->
              <div class="method">
                <div class="method-content">
                  <a name="runScenario(&quot;Leave the phone number field blank&quot;, &quot;Validate the Get a Library Card form fields&quot;)">
                  </a> <!-- runScenario("Leave the phone number field blank", "Validate the Get a Library Card form fields") -->
                  <span class="method-name">runScenario</span>
                  <span class="parameters">("Leave the phone number field blank","Validate the Get a Library Card form fields")</span>
                  <div class="stack-trace">java.lang.AssertionError: Expected error message not displayed: Please Enter the phone
	at org.junit.Assert.fail(Assert.java:89)
	at org.junit.Assert.assertTrue(Assert.java:42)
	at stepDefinition.LibraryCardStep.an_error_message_should_appear_saying(LibraryCardStep.java:99)
	at ✽.an error message should appear saying &quot;Please Enter the phone&quot;(file:///C:/WorkSpaces/Sprint2/sprint2/LibraryManagement/src/test/java/features/libraryCard.feature:101)

</div> <!-- stack-trace -->
                  <em>
(Runs Cucumber Scenarios)                  </em>
                </div> <!-- method-content -->
              </div> <!-- method -->
              <div class="method">
                <div class="method-content">
                  <a name="runScenario(&quot;Enter an invalid phone number&quot;, &quot;Validate the Get a Library Card form fields&quot;)">
                  </a> <!-- runScenario("Enter an invalid phone number", "Validate the Get a Library Card form fields") -->
                  <span class="method-name">runScenario</span>
                  <span class="parameters">("Enter an invalid phone number","Validate the Get a Library Card form fields")</span>
                  <div class="stack-trace">java.lang.AssertionError: Expected error message not displayed: Please enter a valid phone number
	at org.junit.Assert.fail(Assert.java:89)
	at org.junit.Assert.assertTrue(Assert.java:42)
	at stepDefinition.LibraryCardStep.an_error_message_should_appear_saying(LibraryCardStep.java:99)
	at ✽.an error message should appear saying &quot;Please enter a valid phone number&quot;(file:///C:/WorkSpaces/Sprint2/sprint2/LibraryManagement/src/test/java/features/libraryCard.feature:89)

</div> <!-- stack-trace -->
                  <em>
(Runs Cucumber Scenarios)                  </em>
                </div> <!-- method-content -->
              </div> <!-- method -->
              <div class="method">
                <div class="method-content">
                  <a name="runScenario(&quot;Submit form with space in subject&quot;, &quot;Advanced Search Functionality&quot;)">
                  </a> <!-- runScenario("Submit form with space in subject", "Advanced Search Functionality") -->
                  <span class="method-name">runScenario</span>
                  <span class="parameters">("Submit form with space in subject","Advanced Search Functionality")</span>
                  <div class="stack-trace">java.lang.AssertionError
	at stepDefinition.AdvancedSearchSteps.error_for_subject(AdvancedSearchSteps.java:89)
	at ✽.an error message for subject should be displayed(file:///C:/WorkSpaces/Sprint2/sprint2/LibraryManagement/src/test/java/features/advancedSearch.feature:65)

</div> <!-- stack-trace -->
                  <em>
(Runs Cucumber Scenarios)                  </em>
                </div> <!-- method-content -->
              </div> <!-- method -->
              <div class="method">
                <div class="method-content">
                  <a name="runScenario(&quot;Leave the age field blank&quot;, &quot;Validate the Get a Library Card form fields&quot;)">
                  </a> <!-- runScenario("Leave the age field blank", "Validate the Get a Library Card form fields") -->
                  <span class="method-name">runScenario</span>
                  <span class="parameters">("Leave the age field blank","Validate the Get a Library Card form fields")</span>
                  <div class="stack-trace">java.lang.AssertionError: Expected error message not displayed: Please enter the age
	at org.junit.Assert.fail(Assert.java:89)
	at org.junit.Assert.assertTrue(Assert.java:42)
	at stepDefinition.LibraryCardStep.an_error_message_should_appear_saying(LibraryCardStep.java:99)
	at ✽.an error message should appear saying &quot;Please enter the age&quot;(file:///C:/WorkSpaces/Sprint2/sprint2/LibraryManagement/src/test/java/features/libraryCard.feature:65)

</div> <!-- stack-trace -->
                  <em>
(Runs Cucumber Scenarios)                  </em>
                </div> <!-- method-content -->
              </div> <!-- method -->
              <div class="method">
                <div class="method-content">
                  <a name="runScenario(&quot;Validate Chat section with invalid phone number&quot;, &quot;Contact and Query resolving services&quot;)">
                  </a> <!-- runScenario("Validate Chat section with invalid phone number", "Contact and Query resolving services") -->
                  <span class="method-name">runScenario</span>
                  <span class="parameters">("Validate Chat section with invalid phone number","Contact and Query resolving services")</span>
                  <div class="stack-trace">org.junit.ComparisonFailure: expected:&lt;[Invalid phone message not displayed]&gt; but was:&lt;[Message Sent Successfully]&gt;
	at org.junit.Assert.assertEquals(Assert.java:117)
	at org.junit.Assert.assertEquals(Assert.java:146)
	at stepDefinition.ServiceSteps.verifyInvalidPhoneMessage(ServiceSteps.java:92)
	at ✽.I should see an error message for invalid phone(file:///C:/WorkSpaces/Sprint2/sprint2/LibraryManagement/src/test/java/features/servicePage.feature:54)

</div> <!-- stack-trace -->
                  <em>
(Runs Cucumber Scenarios)                  </em>
                </div> <!-- method-content -->
              </div> <!-- method -->
              <div class="method">
                <div class="method-content">
                  <a name="runScenario(&quot;Validate Email option with invalid email id&quot;, &quot;Contact and Query resolving services&quot;)">
                  </a> <!-- runScenario("Validate Email option with invalid email id", "Contact and Query resolving services") -->
                  <span class="method-name">runScenario</span>
                  <span class="parameters">("Validate Email option with invalid email id","Contact and Query resolving services")</span>
                  <div class="stack-trace">org.junit.ComparisonFailure: expected:&lt;[Invalid email message not displayed]&gt; but was:&lt;[Mail Sent Successfully]&gt;
	at org.junit.Assert.assertEquals(Assert.java:117)
	at org.junit.Assert.assertEquals(Assert.java:146)
	at stepDefinition.ServiceSteps.verifyInvalidEmailMessage(ServiceSteps.java:77)
	at ✽.I should see an error message for invalid email(file:///C:/WorkSpaces/Sprint2/sprint2/LibraryManagement/src/test/java/features/servicePage.feature:28)

</div> <!-- stack-trace -->
                  <em>
(Runs Cucumber Scenarios)                  </em>
                </div> <!-- method-content -->
              </div> <!-- method -->
              <div class="method">
                <div class="method-content">
                  <a name="runScenario(&quot;Validate Chat section with invalid name&quot;, &quot;Contact and Query resolving services&quot;)">
                  </a> <!-- runScenario("Validate Chat section with invalid name", "Contact and Query resolving services") -->
                  <span class="method-name">runScenario</span>
                  <span class="parameters">("Validate Chat section with invalid name","Contact and Query resolving services")</span>
                  <div class="stack-trace">org.junit.ComparisonFailure: expected:&lt;[Invalid name message not displayed]&gt; but was:&lt;[Message Sent Successfully]&gt;
	at org.junit.Assert.assertEquals(Assert.java:117)
	at org.junit.Assert.assertEquals(Assert.java:146)
	at stepDefinition.ServiceSteps.verifyInvalidNameMessage(ServiceSteps.java:107)
	at ✽.I should see an error message for invalid name(file:///C:/WorkSpaces/Sprint2/sprint2/LibraryManagement/src/test/java/features/servicePage.feature:81)

</div> <!-- stack-trace -->
                  <em>
(Runs Cucumber Scenarios)                  </em>
                </div> <!-- method-content -->
              </div> <!-- method -->
              <div class="method">
                <div class="method-content">
                  <a name="runScenario(&quot;Enter an incorrect age&quot;, &quot;Validate the Get a Library Card form fields&quot;)">
                  </a> <!-- runScenario("Enter an incorrect age", "Validate the Get a Library Card form fields") -->
                  <span class="method-name">runScenario</span>
                  <span class="parameters">("Enter an incorrect age","Validate the Get a Library Card form fields")</span>
                  <div class="stack-trace">java.lang.AssertionError: Expected error message not displayed: Please enter a valid age
	at org.junit.Assert.fail(Assert.java:89)
	at org.junit.Assert.assertTrue(Assert.java:42)
	at stepDefinition.LibraryCardStep.an_error_message_should_appear_saying(LibraryCardStep.java:99)
	at ✽.an error message should appear saying &quot;Please enter a valid age&quot;(file:///C:/WorkSpaces/Sprint2/sprint2/LibraryManagement/src/test/java/features/libraryCard.feature:53)

</div> <!-- stack-trace -->
                  <em>
(Runs Cucumber Scenarios)                  </em>
                </div> <!-- method-content -->
              </div> <!-- method -->
              <div class="method">
                <div class="method-content">
                  <a name="runScenario(&quot;Leave the first name blank&quot;, &quot;Validate the Get a Library Card form fields&quot;)">
                  </a> <!-- runScenario("Leave the first name blank", "Validate the Get a Library Card form fields") -->
                  <span class="method-name">runScenario</span>
                  <span class="parameters">("Leave the first name blank","Validate the Get a Library Card form fields")</span>
                  <div class="stack-trace">java.lang.AssertionError: Expected error message not displayed: Please Enter first name
	at org.junit.Assert.fail(Assert.java:89)
	at org.junit.Assert.assertTrue(Assert.java:42)
	at stepDefinition.LibraryCardStep.an_error_message_should_appear_saying(LibraryCardStep.java:99)
	at ✽.an error message should appear saying &quot;Please Enter first name&quot;(file:///C:/WorkSpaces/Sprint2/sprint2/LibraryManagement/src/test/java/features/libraryCard.feature:41)

</div> <!-- stack-trace -->
                  <em>
(Runs Cucumber Scenarios)                  </em>
                </div> <!-- method-content -->
              </div> <!-- method -->
              <div class="method">
                <div class="method-content">
                  <a name="runScenario(&quot;Validate only one option selection in service page&quot;, &quot;Contact and Query resolving services&quot;)">
                  </a> <!-- runScenario("Validate only one option selection in service page", "Contact and Query resolving services") -->
                  <span class="method-name">runScenario</span>
                  <span class="parameters">("Validate only one option selection in service page","Contact and Query resolving services")</span>
                  <div class="stack-trace">io.cucumber.core.exception.CucumberException: Failed to instantiate class stepDefinition.ServiceSteps
	at io.cucumber.core.backend.DefaultObjectFactory.cacheNewInstance(DefaultObjectFactory.java:67)
	at io.cucumber.core.backend.DefaultObjectFactory.getInstance(DefaultObjectFactory.java:45)
	at io.cucumber.java.AbstractGlueDefinition.invokeMethod(AbstractGlueDefinition.java:47)
	at io.cucumber.java.JavaStepDefinition.execute(JavaStepDefinition.java:29)
	at io.cucumber.core.runner.CoreStepDefinition.execute(CoreStepDefinition.java:66)
	at io.cucumber.core.runner.PickleStepDefinitionMatch.runStep(PickleStepDefinitionMatch.java:63)
	at io.cucumber.core.runner.ExecutionMode$1.execute(ExecutionMode.java:10)
	at io.cucumber.core.runner.TestStep.executeStep(TestStep.java:84)
	at io.cucumber.core.runner.TestStep.run(TestStep.java:56)
	at io.cucumber.core.runner.PickleStepTestStep.run(PickleStepTestStep.java:51)
	at io.cucumber.core.runner.TestCase.run(TestCase.java:84)
	at io.cucumber.core.runner.Runner.runPickle(Runner.java:75)
	at io.cucumber.testng.TestNGCucumberRunner.lambda$runScenario$1(TestNGCucumberRunner.java:132)
	at io.cucumber.core.runtime.CucumberExecutionContext.lambda$runTestCase$5(CucumberExecutionContext.java:137)
	at io.cucumber.core.runtime.RethrowingThrowableCollector.executeAndThrow(RethrowingThrowableCollector.java:23)
	at io.cucumber.core.runtime.CucumberExecutionContext.runTestCase(CucumberExecutionContext.java:137)
	at io.cucumber.testng.TestNGCucumberRunner.runScenario(TestNGCucumberRunner.java:129)
	at io.cucumber.testng.AbstractTestNGCucumberTests.runScenario(AbstractTestNGCucumberTests.java:35)
	at java.base/jdk.internal.reflect.DirectMethodHandleAccessor.invoke(DirectMethodHandleAccessor.java:104)
	at java.base/java.lang.reflect.Method.invoke(Method.java:577)
	at org.testng.internal.invokers.MethodInvocationHelper.invokeMethod(MethodInvocationHelper.java:139)
	at org.testng.internal.invokers.TestInvoker.invokeMethod(TestInvoker.java:664)
	at org.testng.internal.invokers.TestInvoker.invokeTestMethod(TestInvoker.java:227)
	at org.testng.internal.invokers.MethodRunner.runInSequence(MethodRunner.java:50)
	at org.testng.internal.invokers.TestInvoker$MethodInvocationAgent.invoke(TestInvoker.java:957)
	at org.testng.internal.invokers.TestInvoker.invokeTestMethods(TestInvoker.java:200)
	at org.testng.internal.invokers.TestMethodWorker.invokeTestMethods(TestMethodWorker.java:148)
	at org.testng.internal.invokers.TestMethodWorker.run(TestMethodWorker.java:128)
	at java.base/java.util.ArrayList.forEach(ArrayList.java:1511)
	at org.testng.TestRunner.privateRun(TestRunner.java:848)
	at org.testng.TestRunner.run(TestRunner.java:621)
	at org.testng.SuiteRunner.runTest(SuiteRunner.java:443)
	at org.testng.SuiteRunner.runSequentially(SuiteRunner.java:437)
	at org.testng.SuiteRunner.privateRun(SuiteRunner.java:397)
	at org.testng.SuiteRunner.run(SuiteRunner.java:336)
	at org.testng.SuiteRunnerWorker.runSuite(SuiteRunnerWorker.java:52)
	at org.testng.SuiteRunnerWorker.run(SuiteRunnerWorker.java:95)
	at org.testng.TestNG.runSuitesSequentially(TestNG.java:1280)
	at org.testng.TestNG.runSuitesLocally(TestNG.java:1200)
	at org.testng.TestNG.runSuites(TestNG.java:1114)
	at org.testng.TestNG.run(TestNG.java:1082)
	at org.testng.remote.AbstractRemoteTestNG.run(AbstractRemoteTestNG.java:115)
	at org.testng.remote.RemoteTestNG.initAndRun(RemoteTestNG.java:293)
	at org.testng.remote.RemoteTestNG.main(RemoteTestNG.java:91)
Caused by: java.lang.reflect.InvocationTargetException
	at java.base/jdk.internal.reflect.DirectConstructorHandleAccessor.newInstance(DirectConstructorHandleAccessor.java:79)
	at java.base/java.lang.reflect.Constructor.newInstanceWithCaller(Constructor.java:499)
	at java.base/java.lang.reflect.Constructor.newInstance(Constructor.java:483)
	at io.cucumber.core.backend.DefaultObjectFactory.cacheNewInstance(DefaultObjectFactory.java:53)
	... 43 more
Caused by: org.openqa.selenium.SessionNotCreatedException: Could not start a new session. Response code 500. Message: Failed to decode response from marionette 
Host info: host: &apos;RITAM-BHATTACHA&apos;, ip: &apos;192.168.0.103&apos;
Build info: version: &apos;4.22.0&apos;, revision: &apos;c5f3146703*&apos;
System info: os.name: &apos;Windows 11&apos;, os.arch: &apos;amd64&apos;, os.version: &apos;10.0&apos;, java.version: &apos;18.0.1.1&apos;
Driver info: org.openqa.selenium.firefox.FirefoxDriver
Command: [null, newSession {capabilities=[Capabilities {acceptInsecureCerts: true, browserName: firefox, moz:debuggerAddress: true, moz:firefoxOptions: {binary: C:\Program Files\Mozilla Fi..., prefs: {remote.active-protocols: 3}}}]}]
	at org.openqa.selenium.remote.ProtocolHandshake.createSession(ProtocolHandshake.java:114)
	at org.openqa.selenium.remote.ProtocolHandshake.createSession(ProtocolHandshake.java:75)
	at org.openqa.selenium.remote.ProtocolHandshake.createSession(ProtocolHandshake.java:61)
	at org.openqa.selenium.remote.HttpCommandExecutor.execute(HttpCommandExecutor.java:162)
	at org.openqa.selenium.remote.service.DriverCommandExecutor.invokeExecute(DriverCommandExecutor.java:216)
	at org.openqa.selenium.remote.service.DriverCommandExecutor.execute(DriverCommandExecutor.java:174)
	at org.openqa.selenium.remote.RemoteWebDriver.execute(RemoteWebDriver.java:518)
	at org.openqa.selenium.remote.RemoteWebDriver.startSession(RemoteWebDriver.java:232)
	at org.openqa.selenium.remote.RemoteWebDriver.&lt;init&gt;(RemoteWebDriver.java:161)
	at org.openqa.selenium.firefox.FirefoxDriver.&lt;init&gt;(FirefoxDriver.java:155)
	at org.openqa.selenium.firefox.FirefoxDriver.&lt;init&gt;(FirefoxDriver.java:150)
	at org.openqa.selenium.firefox.FirefoxDriver.&lt;init&gt;(FirefoxDriver.java:132)
	at org.openqa.selenium.firefox.FirefoxDriver.&lt;init&gt;(FirefoxDriver.java:127)
	at org.openqa.selenium.firefox.FirefoxDriver.&lt;init&gt;(FirefoxDriver.java:112)
	at org.openqa.selenium.firefox.FirefoxDriver.&lt;init&gt;(FirefoxDriver.java:102)
	at driver.DriverSetup.getWebDriver(DriverSetup.java:16)
	at pages.ServicePage.&lt;init&gt;(ServicePage.java:16)
	at stepDefinition.ServiceSteps.&lt;init&gt;(ServiceSteps.java:8)
	at java.base/jdk.internal.reflect.DirectConstructorHandleAccessor.newInstance(DirectConstructorHandleAccessor.java:67)
	... 46 more

</div> <!-- stack-trace -->
                  <em>
(Runs Cucumber Scenarios)                  </em>
                </div> <!-- method-content -->
              </div> <!-- method -->
              <div class="method">
                <div class="method-content">
                  <a name="runScenario(&quot;Submit form with space in author name&quot;, &quot;Advanced Search Functionality&quot;)">
                  </a> <!-- runScenario("Submit form with space in author name", "Advanced Search Functionality") -->
                  <span class="method-name">runScenario</span>
                  <span class="parameters">("Submit form with space in author name","Advanced Search Functionality")</span>
                  <div class="stack-trace">org.openqa.selenium.NoSuchElementException: Cannot locate option with text: Edition 1
For documentation on this error, please visit: https://www.selenium.dev/documentation/webdriver/troubleshooting/errors#no-such-element-exception
Build info: version: &apos;4.22.0&apos;, revision: &apos;c5f3146703*&apos;
System info: os.name: &apos;Windows 11&apos;, os.arch: &apos;amd64&apos;, os.version: &apos;10.0&apos;, java.version: &apos;18.0.1.1&apos;
Driver info: driver.version: unknown
	at org.openqa.selenium.support.ui.Select.selectByVisibleText(Select.java:153)
	at pages.AdvancedSearchActions.selectEdition(AdvancedSearchActions.java:35)
	at stepDefinition.AdvancedSearchSteps.user_selects_edition(AdvancedSearchSteps.java:30)
	at ✽.selects edition as &quot;Edition 1&quot;(file:///C:/WorkSpaces/Sprint2/sprint2/LibraryManagement/src/test/java/features/advancedSearch.feature:54)

</div> <!-- stack-trace -->
                  <em>
(Runs Cucumber Scenarios)                  </em>
                </div> <!-- method-content -->
              </div> <!-- method -->
            </div> <!-- main-panel-content rounded-window-bottom -->
          </div> <!-- suite-Default_suite-class-failed -->
          <div class="suite-Default_suite-class-passed">
            <div class="main-panel-header rounded-window-top">
              <img src="passed.png"/>
              <span class="class-name">runner.RunnerTest</span>
            </div> <!-- main-panel-header rounded-window-top -->
            <div class="main-panel-content rounded-window-bottom">
              <div class="method">
                <div class="method-content">
                  <a name="runScenario(&quot;Submit form without entering subject&quot;, &quot;Advanced Search Functionality&quot;)">
                  </a> <!-- runScenario("Submit form without entering subject", "Advanced Search Functionality") -->
                  <span class="method-name">runScenario</span>
                  <span class="parameters">("Submit form without entering subject","Advanced Search Functionality")</span>
                  <em>
(Runs Cucumber Scenarios)                  </em>
                </div> <!-- method-content -->
              </div> <!-- method -->
              <div class="method">
                <div class="method-content">
                  <a name="runScenario(&quot;Validate Chat section with valid name&quot;, &quot;Contact and Query resolving services&quot;)">
                  </a> <!-- runScenario("Validate Chat section with valid name", "Contact and Query resolving services") -->
                  <span class="method-name">runScenario</span>
                  <span class="parameters">("Validate Chat section with valid name","Contact and Query resolving services")</span>
                  <em>
(Runs Cucumber Scenarios)                  </em>
                </div> <!-- method-content -->
              </div> <!-- method -->
              <div class="method">
                <div class="method-content">
                  <a name="runScenario(&quot;Validate author name with valid input&quot;, &quot;Advanced Search Functionality&quot;)">
                  </a> <!-- runScenario("Validate author name with valid input", "Advanced Search Functionality") -->
                  <span class="method-name">runScenario</span>
                  <span class="parameters">("Validate author name with valid input","Advanced Search Functionality")</span>
                  <em>
(Runs Cucumber Scenarios)                  </em>
                </div> <!-- method-content -->
              </div> <!-- method -->
              <div class="method">
                <div class="method-content">
                  <a name="runScenario(&quot;Validate Email option with valid email id&quot;, &quot;Contact and Query resolving services&quot;)">
                  </a> <!-- runScenario("Validate Email option with valid email id", "Contact and Query resolving services") -->
                  <span class="method-name">runScenario</span>
                  <span class="parameters">("Validate Email option with valid email id","Contact and Query resolving services")</span>
                  <em>
(Runs Cucumber Scenarios)                  </em>
                </div> <!-- method-content -->
              </div> <!-- method -->
              <div class="method">
                <div class="method-content">
                  <a name="runScenario(&quot;Submit form without entering author name&quot;, &quot;Advanced Search Functionality&quot;)">
                  </a> <!-- runScenario("Submit form without entering author name", "Advanced Search Functionality") -->
                  <span class="method-name">runScenario</span>
                  <span class="parameters">("Submit form without entering author name","Advanced Search Functionality")</span>
                  <em>
(Runs Cucumber Scenarios)                  </em>
                </div> <!-- method-content -->
              </div> <!-- method -->
              <div class="method">
                <div class="method-content">
                  <a name="runScenario(&quot;Validate Email option with blank email id&quot;, &quot;Contact and Query resolving services&quot;)">
                  </a> <!-- runScenario("Validate Email option with blank email id", "Contact and Query resolving services") -->
                  <span class="method-name">runScenario</span>
                  <span class="parameters">("Validate Email option with blank email id","Contact and Query resolving services")</span>
                  <em>
(Runs Cucumber Scenarios)                  </em>
                </div> <!-- method-content -->
              </div> <!-- method -->
              <div class="method">
                <div class="method-content">
                  <a name="runScenario(&quot;Enter an invalid first name&quot;, &quot;Validate the Get a Library Card form fields&quot;)">
                  </a> <!-- runScenario("Enter an invalid first name", "Validate the Get a Library Card form fields") -->
                  <span class="method-name">runScenario</span>
                  <span class="parameters">("Enter an invalid first name","Validate the Get a Library Card form fields")</span>
                  <em>
(Runs Cucumber Scenarios)                  </em>
                </div> <!-- method-content -->
              </div> <!-- method -->
              <div class="method">
                <div class="method-content">
                  <a name="runScenario(&quot;Submit form without selecting edition&quot;, &quot;Advanced Search Functionality&quot;)">
                  </a> <!-- runScenario("Submit form without selecting edition", "Advanced Search Functionality") -->
                  <span class="method-name">runScenario</span>
                  <span class="parameters">("Submit form without selecting edition","Advanced Search Functionality")</span>
                  <em>
(Runs Cucumber Scenarios)                  </em>
                </div> <!-- method-content -->
              </div> <!-- method -->
              <div class="method">
                <div class="method-content">
                  <a name="runScenario(&quot;Validate Chat section with blank phone number&quot;, &quot;Contact and Query resolving services&quot;)">
                  </a> <!-- runScenario("Validate Chat section with blank phone number", "Contact and Query resolving services") -->
                  <span class="method-name">runScenario</span>
                  <span class="parameters">("Validate Chat section with blank phone number","Contact and Query resolving services")</span>
                  <em>
(Runs Cucumber Scenarios)                  </em>
                </div> <!-- method-content -->
              </div> <!-- method -->
              <div class="method">
                <div class="method-content">
                  <a name="runScenario(&quot;Submit form without selecting age group&quot;, &quot;Advanced Search Functionality&quot;)">
                  </a> <!-- runScenario("Submit form without selecting age group", "Advanced Search Functionality") -->
                  <span class="method-name">runScenario</span>
                  <span class="parameters">("Submit form without selecting age group","Advanced Search Functionality")</span>
                  <em>
(Runs Cucumber Scenarios)                  </em>
                </div> <!-- method-content -->
              </div> <!-- method -->
              <div class="method">
                <div class="method-content">
                  <a name="runScenario(&quot;Enter an invalid last name&quot;, &quot;Validate the Get a Library Card form fields&quot;)">
                  </a> <!-- runScenario("Enter an invalid last name", "Validate the Get a Library Card form fields") -->
                  <span class="method-name">runScenario</span>
                  <span class="parameters">("Enter an invalid last name","Validate the Get a Library Card form fields")</span>
                  <em>
(Runs Cucumber Scenarios)                  </em>
                </div> <!-- method-content -->
              </div> <!-- method -->
              <div class="method">
                <div class="method-content">
                  <a name="runScenario(&quot;Validate Chat section with blank name&quot;, &quot;Contact and Query resolving services&quot;)">
                  </a> <!-- runScenario("Validate Chat section with blank name", "Contact and Query resolving services") -->
                  <span class="method-name">runScenario</span>
                  <span class="parameters">("Validate Chat section with blank name","Contact and Query resolving services")</span>
                  <em>
(Runs Cucumber Scenarios)                  </em>
                </div> <!-- method-content -->
              </div> <!-- method -->
              <div class="method">
                <div class="method-content">
                  <a name="runScenario(&quot;Validate Chat section with valid phone number&quot;, &quot;Contact and Query resolving services&quot;)">
                  </a> <!-- runScenario("Validate Chat section with valid phone number", "Contact and Query resolving services") -->
                  <span class="method-name">runScenario</span>
                  <span class="parameters">("Validate Chat section with valid phone number","Contact and Query resolving services")</span>
                  <em>
(Runs Cucumber Scenarios)                  </em>
                </div> <!-- method-content -->
              </div> <!-- method -->
              <div class="method">
                <div class="method-content">
                  <a name="runScenario(&quot;Submit the form with all valid data&quot;, &quot;Validate the Get a Library Card form fields&quot;)">
                  </a> <!-- runScenario("Submit the form with all valid data", "Validate the Get a Library Card form fields") -->
                  <span class="method-name">runScenario</span>
                  <span class="parameters">("Submit the form with all valid data","Validate the Get a Library Card form fields")</span>
                  <em>
(Runs Cucumber Scenarios)                  </em>
                </div> <!-- method-content -->
              </div> <!-- method -->
              <div class="method">
                <div class="method-content">
                  <a name="runScenario(&quot;Submit form without selecting book format&quot;, &quot;Advanced Search Functionality&quot;)">
                  </a> <!-- runScenario("Submit form without selecting book format", "Advanced Search Functionality") -->
                  <span class="method-name">runScenario</span>
                  <span class="parameters">("Submit form without selecting book format","Advanced Search Functionality")</span>
                  <em>
(Runs Cucumber Scenarios)                  </em>
                </div> <!-- method-content -->
              </div> <!-- method -->
            </div> <!-- main-panel-content rounded-window-bottom -->
          </div> <!-- suite-Default_suite-class-passed -->
        </div> <!-- panel Default_suite -->
        <div panel-name="test-xml-Default_suite" class="panel">
          <div class="main-panel-header rounded-window-top">
            <span class="header-content">C:\Users\RITAM BHATTACHARYA\AppData\Local\Temp\testng-eclipse--967218141\testng-customsuite.xml</span>
          </div> <!-- main-panel-header rounded-window-top -->
          <div class="main-panel-content rounded-window-bottom">
            <pre>
&lt;?xml version=&quot;1.0&quot; encoding=&quot;UTF-8&quot;?&gt;
&lt;!DOCTYPE suite SYSTEM &quot;https://testng.org/testng-1.0.dtd&quot;&gt;
&lt;suite name=&quot;Default suite&quot; guice-stage=&quot;DEVELOPMENT&quot;&gt;
  &lt;test thread-count=&quot;5&quot; name=&quot;Default test&quot; verbose=&quot;2&quot;&gt;
    &lt;classes&gt;
      &lt;class name=&quot;runner.RunnerTest&quot;/&gt;
    &lt;/classes&gt;
  &lt;/test&gt; &lt;!-- Default test --&gt;
&lt;/suite&gt; &lt;!-- Default suite --&gt;
            </pre>
          </div> <!-- main-panel-content rounded-window-bottom -->
        </div> <!-- panel -->
        <div panel-name="testlist-Default_suite" class="panel">
          <div class="main-panel-header rounded-window-top">
            <span class="header-content">Tests for Default suite</span>
          </div> <!-- main-panel-header rounded-window-top -->
          <div class="main-panel-content rounded-window-bottom">
            <ul>
              <li>
                <span class="test-name">Default test (1 class)</span>
              </li>
            </ul>
          </div> <!-- main-panel-content rounded-window-bottom -->
        </div> <!-- panel -->
        <div panel-name="group-Default_suite" class="panel">
          <div class="main-panel-header rounded-window-top">
            <span class="header-content">Groups for Default suite</span>
          </div> <!-- main-panel-header rounded-window-top -->
          <div class="main-panel-content rounded-window-bottom">
            <div class="test-group">
              <span class="test-group-name">cucumber</span>
              <br/>
              <div class="method-in-group">
                <span class="method-in-group-name">runScenario</span>
                <br/>
              </div> <!-- method-in-group -->
            </div> <!-- test-group -->
          </div> <!-- main-panel-content rounded-window-bottom -->
        </div> <!-- panel -->
        <div panel-name="times-Default_suite" class="panel">
          <div class="main-panel-header rounded-window-top">
            <span class="header-content">Times for Default suite</span>
          </div> <!-- main-panel-header rounded-window-top -->
          <div class="main-panel-content rounded-window-bottom">
            <div class="times-div">
              <script type="text/javascript">
suiteTableInitFunctions.push('tableData_Default_suite');
function tableData_Default_suite() {
var data = new google.visualization.DataTable();
data.addColumn('number', 'Number');
data.addColumn('string', 'Method');
data.addColumn('string', 'Class');
data.addColumn('number', 'Time (ms)');
data.addRows(27);
data.setCell(0, 0, 0)
data.setCell(0, 1, 'runScenario')
data.setCell(0, 2, 'runner.RunnerTest')
data.setCell(0, 3, 14330);
data.setCell(1, 0, 1)
data.setCell(1, 1, 'runScenario')
data.setCell(1, 2, 'runner.RunnerTest')
data.setCell(1, 3, 13337);
data.setCell(2, 0, 2)
data.setCell(2, 1, 'runScenario')
data.setCell(2, 2, 'runner.RunnerTest')
data.setCell(2, 3, 13001);
data.setCell(3, 0, 3)
data.setCell(3, 1, 'runScenario')
data.setCell(3, 2, 'runner.RunnerTest')
data.setCell(3, 3, 12842);
data.setCell(4, 0, 4)
data.setCell(4, 1, 'runScenario')
data.setCell(4, 2, 'runner.RunnerTest')
data.setCell(4, 3, 12809);
data.setCell(5, 0, 5)
data.setCell(5, 1, 'runScenario')
data.setCell(5, 2, 'runner.RunnerTest')
data.setCell(5, 3, 12577);
data.setCell(6, 0, 6)
data.setCell(6, 1, 'runScenario')
data.setCell(6, 2, 'runner.RunnerTest')
data.setCell(6, 3, 12536);
data.setCell(7, 0, 7)
data.setCell(7, 1, 'runScenario')
data.setCell(7, 2, 'runner.RunnerTest')
data.setCell(7, 3, 12117);
data.setCell(8, 0, 8)
data.setCell(8, 1, 'runScenario')
data.setCell(8, 2, 'runner.RunnerTest')
data.setCell(8, 3, 11984);
data.setCell(9, 0, 9)
data.setCell(9, 1, 'runScenario')
data.setCell(9, 2, 'runner.RunnerTest')
data.setCell(9, 3, 11782);
data.setCell(10, 0, 10)
data.setCell(10, 1, 'runScenario')
data.setCell(10, 2, 'runner.RunnerTest')
data.setCell(10, 3, 11640);
data.setCell(11, 0, 11)
data.setCell(11, 1, 'runScenario')
data.setCell(11, 2, 'runner.RunnerTest')
data.setCell(11, 3, 11458);
data.setCell(12, 0, 12)
data.setCell(12, 1, 'runScenario')
data.setCell(12, 2, 'runner.RunnerTest')
data.setCell(12, 3, 11239);
data.setCell(13, 0, 13)
data.setCell(13, 1, 'runScenario')
data.setCell(13, 2, 'runner.RunnerTest')
data.setCell(13, 3, 11129);
data.setCell(14, 0, 14)
data.setCell(14, 1, 'runScenario')
data.setCell(14, 2, 'runner.RunnerTest')
data.setCell(14, 3, 11049);
data.setCell(15, 0, 15)
data.setCell(15, 1, 'runScenario')
data.setCell(15, 2, 'runner.RunnerTest')
data.setCell(15, 3, 10772);
data.setCell(16, 0, 16)
data.setCell(16, 1, 'runScenario')
data.setCell(16, 2, 'runner.RunnerTest')
data.setCell(16, 3, 10177);
data.setCell(17, 0, 17)
data.setCell(17, 1, 'runScenario')
data.setCell(17, 2, 'runner.RunnerTest')
data.setCell(17, 3, 9795);
data.setCell(18, 0, 18)
data.setCell(18, 1, 'runScenario')
data.setCell(18, 2, 'runner.RunnerTest')
data.setCell(18, 3, 9034);
data.setCell(19, 0, 19)
data.setCell(19, 1, 'runScenario')
data.setCell(19, 2, 'runner.RunnerTest')
data.setCell(19, 3, 8308);
data.setCell(20, 0, 20)
data.setCell(20, 1, 'runScenario')
data.setCell(20, 2, 'runner.RunnerTest')
data.setCell(20, 3, 8185);
data.setCell(21, 0, 21)
data.setCell(21, 1, 'runScenario')
data.setCell(21, 2, 'runner.RunnerTest')
data.setCell(21, 3, 7868);
data.setCell(22, 0, 22)
data.setCell(22, 1, 'runScenario')
data.setCell(22, 2, 'runner.RunnerTest')
data.setCell(22, 3, 7620);
data.setCell(23, 0, 23)
data.setCell(23, 1, 'runScenario')
data.setCell(23, 2, 'runner.RunnerTest')
data.setCell(23, 3, 7022);
data.setCell(24, 0, 24)
data.setCell(24, 1, 'runScenario')
data.setCell(24, 2, 'runner.RunnerTest')
data.setCell(24, 3, 6201);
data.setCell(25, 0, 25)
data.setCell(25, 1, 'runScenario')
data.setCell(25, 2, 'runner.RunnerTest')
data.setCell(25, 3, 6019);
data.setCell(26, 0, 26)
data.setCell(26, 1, 'runScenario')
data.setCell(26, 2, 'runner.RunnerTest')
data.setCell(26, 3, 5896);
window.suiteTableData['Default_suite']= { tableData: data, tableDiv: 'times-div-Default_suite'}
return data;
}
              </script>
              <span class="suite-total-time">Total running time: 4 minutes</span>
              <div id="times-div-Default_suite">
              </div> <!-- times-div-Default_suite -->
            </div> <!-- times-div -->
          </div> <!-- main-panel-content rounded-window-bottom -->
        </div> <!-- panel -->
        <div panel-name="reporter-Default_suite" class="panel">
          <div class="main-panel-header rounded-window-top">
            <span class="header-content">Reporter output for Default suite</span>
          </div> <!-- main-panel-header rounded-window-top -->
          <div class="main-panel-content rounded-window-bottom">
          </div> <!-- main-panel-content rounded-window-bottom -->
        </div> <!-- panel -->
        <div panel-name="ignored-methods-Default_suite" class="panel">
          <div class="main-panel-header rounded-window-top">
            <span class="header-content">0 ignored methods</span>
          </div> <!-- main-panel-header rounded-window-top -->
          <div class="main-panel-content rounded-window-bottom">
          </div> <!-- main-panel-content rounded-window-bottom -->
        </div> <!-- panel -->
        <div panel-name="chronological-Default_suite" class="panel">
          <div class="main-panel-header rounded-window-top">
            <span class="header-content">Methods in chronological order</span>
          </div> <!-- main-panel-header rounded-window-top -->
          <div class="main-panel-content rounded-window-bottom">
            <div class="chronological-class">
              <div class="chronological-class-name">runner.RunnerTest</div> <!-- chronological-class-name -->
              <div class="configuration-class before">
                <span class="method-name">setUpClass(org.testng.TestRunner@6e78177b)</span>
                <span class="method-start">0 ms</span>
              </div> <!-- configuration-class before -->
              <div class="test-method">
                <span class="method-name">runScenario("Submit form without selecting age group", "Advanced Search Functionality")</span>
                <span class="method-start">611 ms</span>
              </div> <!-- test-method -->
              <div class="test-method">
                <span class="method-name">runScenario("Submit form without selecting book format", "Advanced Search Functionality")</span>
                <span class="method-start">10796 ms</span>
              </div> <!-- test-method -->
              <div class="test-method">
                <span class="method-name">runScenario("Validate author name with valid input", "Advanced Search Functionality")</span>
                <span class="method-start">22918 ms</span>
              </div> <!-- test-method -->
              <div class="test-method">
                <span class="method-name">runScenario("Submit form without entering author name", "Advanced Search Functionality")</span>
                <span class="method-start">35922 ms</span>
              </div> <!-- test-method -->
              <div class="test-method">
                <span class="method-name">runScenario("Submit form without entering subject", "Advanced Search Functionality")</span>
                <span class="method-start">47708 ms</span>
              </div> <!-- test-method -->
              <div class="test-method">
                <span class="method-name">runScenario("Submit form without selecting edition", "Advanced Search Functionality")</span>
                <span class="method-start">60522 ms</span>
              </div> <!-- test-method -->
              <div class="test-method">
                <img src="failed.png">
                </img>
                <span class="method-name">runScenario("Submit form with space in author name", "Advanced Search Functionality")</span>
                <span class="method-start">73366 ms</span>
              </div> <!-- test-method -->
              <div class="test-method">
                <img src="failed.png">
                </img>
                <span class="method-name">runScenario("Submit form with space in subject", "Advanced Search Functionality")</span>
                <span class="method-start">82409 ms</span>
              </div> <!-- test-method -->
              <div class="test-method">
                <span class="method-name">runScenario("Enter an invalid first name", "Validate the Get a Library Card form fields")</span>
                <span class="method-start">90595 ms</span>
              </div> <!-- test-method -->
              <div class="test-method">
                <span class="method-name">runScenario("Enter an invalid last name", "Validate the Get a Library Card form fields")</span>
                <span class="method-start">100392 ms</span>
              </div> <!-- test-method -->
              <div class="test-method">
                <img src="failed.png">
                </img>
                <span class="method-name">runScenario("Leave the first name blank", "Validate the Get a Library Card form fields")</span>
                <span class="method-start">108703 ms</span>
              </div> <!-- test-method -->
              <div class="test-method">
                <img src="failed.png">
                </img>
                <span class="method-name">runScenario("Enter an incorrect age", "Validate the Get a Library Card form fields")</span>
                <span class="method-start">123034 ms</span>
              </div> <!-- test-method -->
              <div class="test-method">
                <img src="failed.png">
                </img>
                <span class="method-name">runScenario("Leave the age field blank", "Validate the Get a Library Card form fields")</span>
                <span class="method-start">129055 ms</span>
              </div> <!-- test-method -->
              <div class="test-method">
                <img src="failed.png">
                </img>
                <span class="method-name">runScenario("Enter an invalid email", "Validate the Get a Library Card form fields")</span>
                <span class="method-start">135259 ms</span>
              </div> <!-- test-method -->
              <div class="test-method">
                <img src="failed.png">
                </img>
                <span class="method-name">runScenario("Enter an invalid phone number", "Validate the Get a Library Card form fields")</span>
                <span class="method-start">143128 ms</span>
              </div> <!-- test-method -->
              <div class="test-method">
                <img src="failed.png">
                </img>
                <span class="method-name">runScenario("Leave the phone number field blank", "Validate the Get a Library Card form fields")</span>
                <span class="method-start">150152 ms</span>
              </div> <!-- test-method -->
              <div class="test-method">
                <span class="method-name">runScenario("Submit the form with all valid data", "Validate the Get a Library Card form fields")</span>
                <span class="method-start">157775 ms</span>
              </div> <!-- test-method -->
              <div class="test-method">
                <img src="failed.png">
                </img>
                <span class="method-name">runScenario("Validate only one option selection in service page", "Contact and Query resolving services")</span>
                <span class="method-start">171114 ms</span>
              </div> <!-- test-method -->
              <div class="test-method">
                <span class="method-name">runScenario("Validate Email option with valid email id", "Contact and Query resolving services")</span>
                <span class="method-start">177016 ms</span>
              </div> <!-- test-method -->
              <div class="test-method">
                <img src="failed.png">
                </img>
                <span class="method-name">runScenario("Validate Email option with invalid email id", "Contact and Query resolving services")</span>
                <span class="method-start">188475 ms</span>
              </div> <!-- test-method -->
              <div class="test-method">
                <span class="method-name">runScenario("Validate Email option with blank email id", "Contact and Query resolving services")</span>
                <span class="method-start">199249 ms</span>
              </div> <!-- test-method -->
              <div class="test-method">
                <span class="method-name">runScenario("Validate Chat section with valid phone number", "Contact and Query resolving services")</span>
                <span class="method-start">210489 ms</span>
              </div> <!-- test-method -->
              <div class="test-method">
                <img src="failed.png">
                </img>
                <span class="method-name">runScenario("Validate Chat section with invalid phone number", "Contact and Query resolving services")</span>
                <span class="method-start">221539 ms</span>
              </div> <!-- test-method -->
              <div class="test-method">
                <span class="method-name">runScenario("Validate Chat section with blank phone number", "Contact and Query resolving services")</span>
                <span class="method-start">234076 ms</span>
              </div> <!-- test-method -->
              <div class="test-method">
                <span class="method-name">runScenario("Validate Chat section with valid name", "Contact and Query resolving services")</span>
                <span class="method-start">245206 ms</span>
              </div> <!-- test-method -->
              <div class="test-method">
                <img src="failed.png">
                </img>
                <span class="method-name">runScenario("Validate Chat section with invalid name", "Contact and Query resolving services")</span>
                <span class="method-start">256847 ms</span>
              </div> <!-- test-method -->
              <div class="test-method">
                <span class="method-name">runScenario("Validate Chat section with blank name", "Contact and Query resolving services")</span>
                <span class="method-start">268831 ms</span>
              </div> <!-- test-method -->
              <div class="configuration-class after">
                <span class="method-name">tearDownClass</span>
                <span class="method-start">281435 ms</span>
              </div> <!-- configuration-class after -->
          </div> <!-- main-panel-content rounded-window-bottom -->
        </div> <!-- panel -->
      </div> <!-- main-panel-root -->
    </div> <!-- wrapper -->
  </body>
<script type="text/javascript" src="testng-reports2.js"></script>
</html>
