<?xml version="1.0" encoding="UTF-8"?>
<testng-results ignored="0" total="18" passed="13" failed="5" skipped="0">
  <reporter-output>
  </reporter-output>
  <suite started-at="2025-07-30T08:53:13 IST" name="Default suite" finished-at="2025-07-30T08:56:55 IST" duration-ms="222551">
    <groups>
      <group name="cucumber">
        <method signature="AbstractTestNGCucumberTests.runScenario(io.cucumber.testng.PickleWrapper,io.cucumber.testng.FeatureWrapper)[pri:0, instance:runner.RunnerTest@49912c99]" name="runScenario" class="io.cucumber.testng.AbstractTestNGCucumberTests"/>
      </group> <!-- cucumber -->
    </groups>
    <test started-at="2025-07-30T08:53:13 IST" name="Default test" finished-at="2025-07-30T08:56:55 IST" duration-ms="222551">
      <class name="runner.RunnerTest">
        <test-method is-config="true" signature="setUpClass(org.testng.ITestContext)[pri:0, instance:runner.RunnerTest@49912c99]" started-at="2025-07-30T08:53:13 IST" name="setUpClass" finished-at="2025-07-30T08:53:13 IST" duration-ms="585" status="PASS">
          <params>
            <param index="0">
              <value>
                <![CDATA[org.testng.TestRunner@55053f81]]>
              </value>
            </param>
          </params>
          <reporter-output>
          </reporter-output>
        </test-method> <!-- setUpClass -->
        <test-method signature="runScenario(io.cucumber.testng.PickleWrapper,io.cucumber.testng.FeatureWrapper)[pri:0, instance:runner.RunnerTest@49912c99]" started-at="2025-07-30T08:53:13 IST" name="runScenario" description="Runs Cucumber Scenarios" data-provider="scenarios" finished-at="2025-07-30T08:53:24 IST" duration-ms="10726" status="PASS">
          <params>
            <param index="0">
              <value>
                <![CDATA["Submit form without selecting age group"]]>
              </value>
            </param>
            <param index="1">
              <value>
                <![CDATA["Advanced Search Functionality"]]>
              </value>
            </param>
          </params>
          <reporter-output>
          </reporter-output>
        </test-method> <!-- runScenario -->
        <test-method signature="runScenario(io.cucumber.testng.PickleWrapper,io.cucumber.testng.FeatureWrapper)[pri:0, instance:runner.RunnerTest@49912c99]" started-at="2025-07-30T08:53:24 IST" name="runScenario" description="Runs Cucumber Scenarios" data-provider="scenarios" finished-at="2025-07-30T08:53:37 IST" duration-ms="12618" status="PASS">
          <params>
            <param index="0">
              <value>
                <![CDATA["Submit form without selecting book format"]]>
              </value>
            </param>
            <param index="1">
              <value>
                <![CDATA["Advanced Search Functionality"]]>
              </value>
            </param>
          </params>
          <reporter-output>
          </reporter-output>
        </test-method> <!-- runScenario -->
        <test-method signature="runScenario(io.cucumber.testng.PickleWrapper,io.cucumber.testng.FeatureWrapper)[pri:0, instance:runner.RunnerTest@49912c99]" started-at="2025-07-30T08:53:37 IST" name="runScenario" description="Runs Cucumber Scenarios" data-provider="scenarios" finished-at="2025-07-30T08:53:48 IST" duration-ms="11835" status="PASS">
          <params>
            <param index="0">
              <value>
                <![CDATA["Validate author name with valid input"]]>
              </value>
            </param>
            <param index="1">
              <value>
                <![CDATA["Advanced Search Functionality"]]>
              </value>
            </param>
          </params>
          <reporter-output>
          </reporter-output>
        </test-method> <!-- runScenario -->
        <test-method signature="runScenario(io.cucumber.testng.PickleWrapper,io.cucumber.testng.FeatureWrapper)[pri:0, instance:runner.RunnerTest@49912c99]" started-at="2025-07-30T08:53:48 IST" name="runScenario" description="Runs Cucumber Scenarios" data-provider="scenarios" finished-at="2025-07-30T08:54:00 IST" duration-ms="11281" status="PASS">
          <params>
            <param index="0">
              <value>
                <![CDATA["Submit form without entering author name"]]>
              </value>
            </param>
            <param index="1">
              <value>
                <![CDATA["Advanced Search Functionality"]]>
              </value>
            </param>
          </params>
          <reporter-output>
          </reporter-output>
        </test-method> <!-- runScenario -->
        <test-method signature="runScenario(io.cucumber.testng.PickleWrapper,io.cucumber.testng.FeatureWrapper)[pri:0, instance:runner.RunnerTest@49912c99]" started-at="2025-07-30T08:54:00 IST" name="runScenario" description="Runs Cucumber Scenarios" data-provider="scenarios" finished-at="2025-07-30T08:54:12 IST" duration-ms="11913" status="PASS">
          <params>
            <param index="0">
              <value>
                <![CDATA["Submit form without entering subject"]]>
              </value>
            </param>
            <param index="1">
              <value>
                <![CDATA["Advanced Search Functionality"]]>
              </value>
            </param>
          </params>
          <reporter-output>
          </reporter-output>
        </test-method> <!-- runScenario -->
        <test-method signature="runScenario(io.cucumber.testng.PickleWrapper,io.cucumber.testng.FeatureWrapper)[pri:0, instance:runner.RunnerTest@49912c99]" started-at="2025-07-30T08:54:12 IST" name="runScenario" description="Runs Cucumber Scenarios" data-provider="scenarios" finished-at="2025-07-30T08:54:23 IST" duration-ms="11118" status="PASS">
          <params>
            <param index="0">
              <value>
                <![CDATA["Submit form without selecting edition"]]>
              </value>
            </param>
            <param index="1">
              <value>
                <![CDATA["Advanced Search Functionality"]]>
              </value>
            </param>
          </params>
          <reporter-output>
          </reporter-output>
        </test-method> <!-- runScenario -->
        <test-method signature="runScenario(io.cucumber.testng.PickleWrapper,io.cucumber.testng.FeatureWrapper)[pri:0, instance:runner.RunnerTest@49912c99]" started-at="2025-07-30T08:54:23 IST" name="runScenario" description="Runs Cucumber Scenarios" data-provider="scenarios" finished-at="2025-07-30T08:54:29 IST" duration-ms="6611" status="FAIL">
          <params>
            <param index="0">
              <value>
                <![CDATA["Submit form with space in author name"]]>
              </value>
            </param>
            <param index="1">
              <value>
                <![CDATA["Advanced Search Functionality"]]>
              </value>
            </param>
          </params>
          <exception class="org.openqa.selenium.NoSuchElementException">
            <message>
              <![CDATA[Cannot locate option with text: Edition 1
For documentation on this error, please visit: https://www.selenium.dev/documentation/webdriver/troubleshooting/errors#no-such-element-exception
Build info: version: '4.22.0', revision: 'c5f3146703*'
System info: os.name: 'Windows 11', os.arch: 'amd64', os.version: '10.0', java.version: '18.0.1.1'
Driver info: driver.version: unknown]]>
            </message>
            <full-stacktrace>
              <![CDATA[org.openqa.selenium.NoSuchElementException: Cannot locate option with text: Edition 1
For documentation on this error, please visit: https://www.selenium.dev/documentation/webdriver/troubleshooting/errors#no-such-element-exception
Build info: version: '4.22.0', revision: 'c5f3146703*'
System info: os.name: 'Windows 11', os.arch: 'amd64', os.version: '10.0', java.version: '18.0.1.1'
Driver info: driver.version: unknown
at org.openqa.selenium.support.ui.Select.selectByVisibleText(Select.java:153)
at pages.AdvancedSearchActions.selectEdition(AdvancedSearchActions.java:35)
at stepDefinition.AdvancedSearchSteps.user_selects_edition(AdvancedSearchSteps.java:30)
at ✽.selects edition as "Edition 1"(file:///C:/WorkSpaces/Sprint2/sprint2/LibraryManagement/src/test/java/features/advancedSearch.feature:54)
]]>
            </full-stacktrace>
          </exception> <!-- org.openqa.selenium.NoSuchElementException -->
          <reporter-output>
          </reporter-output>
        </test-method> <!-- runScenario -->
        <test-method signature="runScenario(io.cucumber.testng.PickleWrapper,io.cucumber.testng.FeatureWrapper)[pri:0, instance:runner.RunnerTest@49912c99]" started-at="2025-07-30T08:54:29 IST" name="runScenario" description="Runs Cucumber Scenarios" data-provider="scenarios" finished-at="2025-07-30T08:54:38 IST" duration-ms="8778" status="FAIL">
          <params>
            <param index="0">
              <value>
                <![CDATA["Submit form with space in subject"]]>
              </value>
            </param>
            <param index="1">
              <value>
                <![CDATA["Advanced Search Functionality"]]>
              </value>
            </param>
          </params>
          <exception class="java.lang.AssertionError">
            <full-stacktrace>
              <![CDATA[java.lang.AssertionError
at stepDefinition.AdvancedSearchSteps.error_for_subject(AdvancedSearchSteps.java:89)
at ✽.an error message for subject should be displayed(file:///C:/WorkSpaces/Sprint2/sprint2/LibraryManagement/src/test/java/features/advancedSearch.feature:65)
]]>
            </full-stacktrace>
          </exception> <!-- java.lang.AssertionError -->
          <reporter-output>
          </reporter-output>
        </test-method> <!-- runScenario -->
        <test-method signature="runScenario(io.cucumber.testng.PickleWrapper,io.cucumber.testng.FeatureWrapper)[pri:0, instance:runner.RunnerTest@49912c99]" started-at="2025-07-30T08:54:38 IST" name="runScenario" description="Runs Cucumber Scenarios" data-provider="scenarios" finished-at="2025-07-30T08:54:47 IST" duration-ms="8612" status="PASS">
          <params>
            <param index="0">
              <value>
                <![CDATA["Validate only one option selection in service page"]]>
              </value>
            </param>
            <param index="1">
              <value>
                <![CDATA["Contact and Query resolving services"]]>
              </value>
            </param>
          </params>
          <reporter-output>
          </reporter-output>
        </test-method> <!-- runScenario -->
        <test-method signature="runScenario(io.cucumber.testng.PickleWrapper,io.cucumber.testng.FeatureWrapper)[pri:0, instance:runner.RunnerTest@49912c99]" started-at="2025-07-30T08:54:47 IST" name="runScenario" description="Runs Cucumber Scenarios" data-provider="scenarios" finished-at="2025-07-30T08:55:00 IST" duration-ms="13591" status="PASS">
          <params>
            <param index="0">
              <value>
                <![CDATA["Validate Email option with valid email id"]]>
              </value>
            </param>
            <param index="1">
              <value>
                <![CDATA["Contact and Query resolving services"]]>
              </value>
            </param>
          </params>
          <reporter-output>
          </reporter-output>
        </test-method> <!-- runScenario -->
        <test-method signature="runScenario(io.cucumber.testng.PickleWrapper,io.cucumber.testng.FeatureWrapper)[pri:0, instance:runner.RunnerTest@49912c99]" started-at="2025-07-30T08:55:00 IST" name="runScenario" description="Runs Cucumber Scenarios" data-provider="scenarios" finished-at="2025-07-30T08:55:14 IST" duration-ms="13521" status="FAIL">
          <params>
            <param index="0">
              <value>
                <![CDATA["Validate Email option with invalid email id"]]>
              </value>
            </param>
            <param index="1">
              <value>
                <![CDATA["Contact and Query resolving services"]]>
              </value>
            </param>
          </params>
          <exception class="org.junit.ComparisonFailure">
            <message>
              <![CDATA[expected:<[Invalid email message not displayed]> but was:<[Mail Sent Successfully]>]]>
            </message>
            <full-stacktrace>
              <![CDATA[org.junit.ComparisonFailure: expected:<[Invalid email message not displayed]> but was:<[Mail Sent Successfully]>
at org.junit.Assert.assertEquals(Assert.java:117)
at org.junit.Assert.assertEquals(Assert.java:146)
at stepDefinition.ServiceSteps.verifyInvalidEmailMessage(ServiceSteps.java:77)
at ✽.I should see an error message for invalid email(file:///C:/WorkSpaces/Sprint2/sprint2/LibraryManagement/src/test/java/features/servicePage.feature:28)
]]>
            </full-stacktrace>
          </exception> <!-- org.junit.ComparisonFailure -->
          <reporter-output>
          </reporter-output>
        </test-method> <!-- runScenario -->
        <test-method signature="runScenario(io.cucumber.testng.PickleWrapper,io.cucumber.testng.FeatureWrapper)[pri:0, instance:runner.RunnerTest@49912c99]" started-at="2025-07-30T08:55:14 IST" name="runScenario" description="Runs Cucumber Scenarios" data-provider="scenarios" finished-at="2025-07-30T08:55:28 IST" duration-ms="13960" status="PASS">
          <params>
            <param index="0">
              <value>
                <![CDATA["Validate Email option with blank email id"]]>
              </value>
            </param>
            <param index="1">
              <value>
                <![CDATA["Contact and Query resolving services"]]>
              </value>
            </param>
          </params>
          <reporter-output>
          </reporter-output>
        </test-method> <!-- runScenario -->
        <test-method signature="runScenario(io.cucumber.testng.PickleWrapper,io.cucumber.testng.FeatureWrapper)[pri:0, instance:runner.RunnerTest@49912c99]" started-at="2025-07-30T08:55:28 IST" name="runScenario" description="Runs Cucumber Scenarios" data-provider="scenarios" finished-at="2025-07-30T08:55:41 IST" duration-ms="13565" status="PASS">
          <params>
            <param index="0">
              <value>
                <![CDATA["Validate Chat section with valid phone number"]]>
              </value>
            </param>
            <param index="1">
              <value>
                <![CDATA["Contact and Query resolving services"]]>
              </value>
            </param>
          </params>
          <reporter-output>
          </reporter-output>
        </test-method> <!-- runScenario -->
        <test-method signature="runScenario(io.cucumber.testng.PickleWrapper,io.cucumber.testng.FeatureWrapper)[pri:0, instance:runner.RunnerTest@49912c99]" started-at="2025-07-30T08:55:41 IST" name="runScenario" description="Runs Cucumber Scenarios" data-provider="scenarios" finished-at="2025-07-30T08:55:55 IST" duration-ms="13827" status="FAIL">
          <params>
            <param index="0">
              <value>
                <![CDATA["Validate Chat section with invalid phone number"]]>
              </value>
            </param>
            <param index="1">
              <value>
                <![CDATA["Contact and Query resolving services"]]>
              </value>
            </param>
          </params>
          <exception class="org.junit.ComparisonFailure">
            <message>
              <![CDATA[expected:<[Invalid phone message not displayed]> but was:<[Message Sent Successfully]>]]>
            </message>
            <full-stacktrace>
              <![CDATA[org.junit.ComparisonFailure: expected:<[Invalid phone message not displayed]> but was:<[Message Sent Successfully]>
at org.junit.Assert.assertEquals(Assert.java:117)
at org.junit.Assert.assertEquals(Assert.java:146)
at stepDefinition.ServiceSteps.verifyInvalidPhoneMessage(ServiceSteps.java:92)
at ✽.I should see an error message for invalid phone(file:///C:/WorkSpaces/Sprint2/sprint2/LibraryManagement/src/test/java/features/servicePage.feature:54)
]]>
            </full-stacktrace>
          </exception> <!-- org.junit.ComparisonFailure -->
          <reporter-output>
          </reporter-output>
        </test-method> <!-- runScenario -->
        <test-method signature="runScenario(io.cucumber.testng.PickleWrapper,io.cucumber.testng.FeatureWrapper)[pri:0, instance:runner.RunnerTest@49912c99]" started-at="2025-07-30T08:55:55 IST" name="runScenario" description="Runs Cucumber Scenarios" data-provider="scenarios" finished-at="2025-07-30T08:56:09 IST" duration-ms="13435" status="PASS">
          <params>
            <param index="0">
              <value>
                <![CDATA["Validate Chat section with blank phone number"]]>
              </value>
            </param>
            <param index="1">
              <value>
                <![CDATA["Contact and Query resolving services"]]>
              </value>
            </param>
          </params>
          <reporter-output>
          </reporter-output>
        </test-method> <!-- runScenario -->
        <test-method signature="runScenario(io.cucumber.testng.PickleWrapper,io.cucumber.testng.FeatureWrapper)[pri:0, instance:runner.RunnerTest@49912c99]" started-at="2025-07-30T08:56:09 IST" name="runScenario" description="Runs Cucumber Scenarios" data-provider="scenarios" finished-at="2025-07-30T08:56:23 IST" duration-ms="14219" status="PASS">
          <params>
            <param index="0">
              <value>
                <![CDATA["Validate Chat section with valid name"]]>
              </value>
            </param>
            <param index="1">
              <value>
                <![CDATA["Contact and Query resolving services"]]>
              </value>
            </param>
          </params>
          <reporter-output>
          </reporter-output>
        </test-method> <!-- runScenario -->
        <test-method signature="runScenario(io.cucumber.testng.PickleWrapper,io.cucumber.testng.FeatureWrapper)[pri:0, instance:runner.RunnerTest@49912c99]" started-at="2025-07-30T08:56:23 IST" name="runScenario" description="Runs Cucumber Scenarios" data-provider="scenarios" finished-at="2025-07-30T08:56:39 IST" duration-ms="16075" status="FAIL">
          <params>
            <param index="0">
              <value>
                <![CDATA["Validate Chat section with invalid name"]]>
              </value>
            </param>
            <param index="1">
              <value>
                <![CDATA["Contact and Query resolving services"]]>
              </value>
            </param>
          </params>
          <exception class="org.junit.ComparisonFailure">
            <message>
              <![CDATA[expected:<[Invalid name message not displayed]> but was:<[Message Sent Successfully]>]]>
            </message>
            <full-stacktrace>
              <![CDATA[org.junit.ComparisonFailure: expected:<[Invalid name message not displayed]> but was:<[Message Sent Successfully]>
at org.junit.Assert.assertEquals(Assert.java:117)
at org.junit.Assert.assertEquals(Assert.java:146)
at stepDefinition.ServiceSteps.verifyInvalidNameMessage(ServiceSteps.java:107)
at ✽.I should see an error message for invalid name(file:///C:/WorkSpaces/Sprint2/sprint2/LibraryManagement/src/test/java/features/servicePage.feature:81)
]]>
            </full-stacktrace>
          </exception> <!-- org.junit.ComparisonFailure -->
          <reporter-output>
          </reporter-output>
        </test-method> <!-- runScenario -->
        <test-method signature="runScenario(io.cucumber.testng.PickleWrapper,io.cucumber.testng.FeatureWrapper)[pri:0, instance:runner.RunnerTest@49912c99]" started-at="2025-07-30T08:56:39 IST" name="runScenario" description="Runs Cucumber Scenarios" data-provider="scenarios" finished-at="2025-07-30T08:56:55 IST" duration-ms="15789" status="PASS">
          <params>
            <param index="0">
              <value>
                <![CDATA["Validate Chat section with blank name"]]>
              </value>
            </param>
            <param index="1">
              <value>
                <![CDATA["Contact and Query resolving services"]]>
              </value>
            </param>
          </params>
          <reporter-output>
          </reporter-output>
        </test-method> <!-- runScenario -->
        <test-method is-config="true" signature="tearDownClass()[pri:0, instance:runner.RunnerTest@49912c99]" started-at="2025-07-30T08:56:55 IST" name="tearDownClass" finished-at="2025-07-30T08:56:55 IST" duration-ms="300" status="PASS">
          <reporter-output>
          </reporter-output>
        </test-method> <!-- tearDownClass -->
      </class> <!-- runner.RunnerTest -->
    </test> <!-- Default test -->
  </suite> <!-- Default suite -->
</testng-results>
