<?xml version="1.0" encoding="UTF-8"?>
<testng-results ignored="0" total="18" passed="13" failed="5" skipped="0">
  <reporter-output>
  </reporter-output>
  <suite started-at="2025-07-29T15:51:45 IST" name="Default suite" finished-at="2025-07-29T15:55:10 IST" duration-ms="204607">
    <groups>
      <group name="cucumber">
        <method signature="AbstractTestNGCucumberTests.runScenario(io.cucumber.testng.PickleWrapper,io.cucumber.testng.FeatureWrapper)[pri:0, instance:runner.RunnerTest@49912c99]" name="runScenario" class="io.cucumber.testng.AbstractTestNGCucumberTests"/>
      </group> <!-- cucumber -->
    </groups>
    <test started-at="2025-07-29T15:51:45 IST" name="Default test" finished-at="2025-07-29T15:55:10 IST" duration-ms="204607">
      <class name="runner.RunnerTest">
        <test-method is-config="true" signature="setUpClass(org.testng.ITestContext)[pri:0, instance:runner.RunnerTest@49912c99]" started-at="2025-07-29T15:51:45 IST" name="setUpClass" finished-at="2025-07-29T15:51:45 IST" duration-ms="217" status="PASS">
          <params>
            <param index="0">
              <value>
                <![CDATA[org.testng.TestRunner@69feb4d9]]>
              </value>
            </param>
          </params>
          <reporter-output>
          </reporter-output>
        </test-method> <!-- setUpClass -->
        <test-method signature="runScenario(io.cucumber.testng.PickleWrapper,io.cucumber.testng.FeatureWrapper)[pri:0, instance:runner.RunnerTest@49912c99]" started-at="2025-07-29T15:51:45 IST" name="runScenario" description="Runs Cucumber Scenarios" data-provider="scenarios" finished-at="2025-07-29T15:51:56 IST" duration-ms="10540" status="PASS">
          <params>
            <param index="0">
              <value>
                <![CDATA["Submit form without selecting age group"]]>
              </value>
            </param>
            <param index="1">
              <value>
                <![CDATA["Advanced Search Functionality"]]>
              </value>
            </param>
          </params>
          <reporter-output>
          </reporter-output>
        </test-method> <!-- runScenario -->
        <test-method signature="runScenario(io.cucumber.testng.PickleWrapper,io.cucumber.testng.FeatureWrapper)[pri:0, instance:runner.RunnerTest@49912c99]" started-at="2025-07-29T15:51:56 IST" name="runScenario" description="Runs Cucumber Scenarios" data-provider="scenarios" finished-at="2025-07-29T15:52:05 IST" duration-ms="9350" status="PASS">
          <params>
            <param index="0">
              <value>
                <![CDATA["Submit form without selecting book format"]]>
              </value>
            </param>
            <param index="1">
              <value>
                <![CDATA["Advanced Search Functionality"]]>
              </value>
            </param>
          </params>
          <reporter-output>
          </reporter-output>
        </test-method> <!-- runScenario -->
        <test-method signature="runScenario(io.cucumber.testng.PickleWrapper,io.cucumber.testng.FeatureWrapper)[pri:0, instance:runner.RunnerTest@49912c99]" started-at="2025-07-29T15:52:05 IST" name="runScenario" description="Runs Cucumber Scenarios" data-provider="scenarios" finished-at="2025-07-29T15:52:15 IST" duration-ms="10066" status="PASS">
          <params>
            <param index="0">
              <value>
                <![CDATA["Validate author name with valid input"]]>
              </value>
            </param>
            <param index="1">
              <value>
                <![CDATA["Advanced Search Functionality"]]>
              </value>
            </param>
          </params>
          <reporter-output>
          </reporter-output>
        </test-method> <!-- runScenario -->
        <test-method signature="runScenario(io.cucumber.testng.PickleWrapper,io.cucumber.testng.FeatureWrapper)[pri:0, instance:runner.RunnerTest@49912c99]" started-at="2025-07-29T15:52:15 IST" name="runScenario" description="Runs Cucumber Scenarios" data-provider="scenarios" finished-at="2025-07-29T15:52:27 IST" duration-ms="11207" status="PASS">
          <params>
            <param index="0">
              <value>
                <![CDATA["Submit form without entering author name"]]>
              </value>
            </param>
            <param index="1">
              <value>
                <![CDATA["Advanced Search Functionality"]]>
              </value>
            </param>
          </params>
          <reporter-output>
          </reporter-output>
        </test-method> <!-- runScenario -->
        <test-method signature="runScenario(io.cucumber.testng.PickleWrapper,io.cucumber.testng.FeatureWrapper)[pri:0, instance:runner.RunnerTest@49912c99]" started-at="2025-07-29T15:52:27 IST" name="runScenario" description="Runs Cucumber Scenarios" data-provider="scenarios" finished-at="2025-07-29T15:52:38 IST" duration-ms="11208" status="PASS">
          <params>
            <param index="0">
              <value>
                <![CDATA["Submit form without entering subject"]]>
              </value>
            </param>
            <param index="1">
              <value>
                <![CDATA["Advanced Search Functionality"]]>
              </value>
            </param>
          </params>
          <reporter-output>
          </reporter-output>
        </test-method> <!-- runScenario -->
        <test-method signature="runScenario(io.cucumber.testng.PickleWrapper,io.cucumber.testng.FeatureWrapper)[pri:0, instance:runner.RunnerTest@49912c99]" started-at="2025-07-29T15:52:38 IST" name="runScenario" description="Runs Cucumber Scenarios" data-provider="scenarios" finished-at="2025-07-29T15:52:50 IST" duration-ms="11940" status="PASS">
          <params>
            <param index="0">
              <value>
                <![CDATA["Submit form without selecting edition"]]>
              </value>
            </param>
            <param index="1">
              <value>
                <![CDATA["Advanced Search Functionality"]]>
              </value>
            </param>
          </params>
          <reporter-output>
          </reporter-output>
        </test-method> <!-- runScenario -->
        <test-method signature="runScenario(io.cucumber.testng.PickleWrapper,io.cucumber.testng.FeatureWrapper)[pri:0, instance:runner.RunnerTest@49912c99]" started-at="2025-07-29T15:52:50 IST" name="runScenario" description="Runs Cucumber Scenarios" data-provider="scenarios" finished-at="2025-07-29T15:52:57 IST" duration-ms="6991" status="FAIL">
          <params>
            <param index="0">
              <value>
                <![CDATA["Submit form with space in author name"]]>
              </value>
            </param>
            <param index="1">
              <value>
                <![CDATA["Advanced Search Functionality"]]>
              </value>
            </param>
          </params>
          <exception class="org.openqa.selenium.NoSuchElementException">
            <message>
              <![CDATA[Cannot locate option with text: Edition 1
For documentation on this error, please visit: https://www.selenium.dev/documentation/webdriver/troubleshooting/errors#no-such-element-exception
Build info: version: '4.22.0', revision: 'c5f3146703*'
System info: os.name: 'Windows 11', os.arch: 'amd64', os.version: '10.0', java.version: '18.0.1.1'
Driver info: driver.version: unknown]]>
            </message>
            <full-stacktrace>
              <![CDATA[org.openqa.selenium.NoSuchElementException: Cannot locate option with text: Edition 1
For documentation on this error, please visit: https://www.selenium.dev/documentation/webdriver/troubleshooting/errors#no-such-element-exception
Build info: version: '4.22.0', revision: 'c5f3146703*'
System info: os.name: 'Windows 11', os.arch: 'amd64', os.version: '10.0', java.version: '18.0.1.1'
Driver info: driver.version: unknown
at org.openqa.selenium.support.ui.Select.selectByVisibleText(Select.java:153)
at pages.AdvancedSearchActions.selectEdition(AdvancedSearchActions.java:35)
at stepDefinition.AdvancedSearchSteps.user_selects_edition(AdvancedSearchSteps.java:30)
at ✽.selects edition as "Edition 1"(file:///C:/WorkSpaces/Sprint2/sprint2/LibraryManagement/src/test/java/features/advancedSearch.feature:54)
]]>
            </full-stacktrace>
          </exception> <!-- org.openqa.selenium.NoSuchElementException -->
          <reporter-output>
          </reporter-output>
        </test-method> <!-- runScenario -->
        <test-method signature="runScenario(io.cucumber.testng.PickleWrapper,io.cucumber.testng.FeatureWrapper)[pri:0, instance:runner.RunnerTest@49912c99]" started-at="2025-07-29T15:52:57 IST" name="runScenario" description="Runs Cucumber Scenarios" data-provider="scenarios" finished-at="2025-07-29T15:53:05 IST" duration-ms="7804" status="FAIL">
          <params>
            <param index="0">
              <value>
                <![CDATA["Submit form with space in subject"]]>
              </value>
            </param>
            <param index="1">
              <value>
                <![CDATA["Advanced Search Functionality"]]>
              </value>
            </param>
          </params>
          <exception class="java.lang.AssertionError">
            <full-stacktrace>
              <![CDATA[java.lang.AssertionError
at stepDefinition.AdvancedSearchSteps.error_for_subject(AdvancedSearchSteps.java:89)
at ✽.an error message for subject should be displayed(file:///C:/WorkSpaces/Sprint2/sprint2/LibraryManagement/src/test/java/features/advancedSearch.feature:65)
]]>
            </full-stacktrace>
          </exception> <!-- java.lang.AssertionError -->
          <reporter-output>
          </reporter-output>
        </test-method> <!-- runScenario -->
        <test-method signature="runScenario(io.cucumber.testng.PickleWrapper,io.cucumber.testng.FeatureWrapper)[pri:0, instance:runner.RunnerTest@49912c99]" started-at="2025-07-29T15:53:05 IST" name="runScenario" description="Runs Cucumber Scenarios" data-provider="scenarios" finished-at="2025-07-29T15:53:12 IST" duration-ms="7484" status="PASS">
          <params>
            <param index="0">
              <value>
                <![CDATA["Validate only one option selection in service page"]]>
              </value>
            </param>
            <param index="1">
              <value>
                <![CDATA["Contact and Query resolving services"]]>
              </value>
            </param>
          </params>
          <reporter-output>
          </reporter-output>
        </test-method> <!-- runScenario -->
        <test-method signature="runScenario(io.cucumber.testng.PickleWrapper,io.cucumber.testng.FeatureWrapper)[pri:0, instance:runner.RunnerTest@49912c99]" started-at="2025-07-29T15:53:12 IST" name="runScenario" description="Runs Cucumber Scenarios" data-provider="scenarios" finished-at="2025-07-29T15:53:25 IST" duration-ms="13086" status="PASS">
          <params>
            <param index="0">
              <value>
                <![CDATA["Validate Email option with valid email id"]]>
              </value>
            </param>
            <param index="1">
              <value>
                <![CDATA["Contact and Query resolving services"]]>
              </value>
            </param>
          </params>
          <reporter-output>
          </reporter-output>
        </test-method> <!-- runScenario -->
        <test-method signature="runScenario(io.cucumber.testng.PickleWrapper,io.cucumber.testng.FeatureWrapper)[pri:0, instance:runner.RunnerTest@49912c99]" started-at="2025-07-29T15:53:25 IST" name="runScenario" description="Runs Cucumber Scenarios" data-provider="scenarios" finished-at="2025-07-29T15:53:36 IST" duration-ms="11255" status="FAIL">
          <params>
            <param index="0">
              <value>
                <![CDATA["Validate Email option with invalid email id"]]>
              </value>
            </param>
            <param index="1">
              <value>
                <![CDATA["Contact and Query resolving services"]]>
              </value>
            </param>
          </params>
          <exception class="org.junit.ComparisonFailure">
            <message>
              <![CDATA[expected:<[Invalid email message not displayed]> but was:<[Mail Sent Successfully]>]]>
            </message>
            <full-stacktrace>
              <![CDATA[org.junit.ComparisonFailure: expected:<[Invalid email message not displayed]> but was:<[Mail Sent Successfully]>
at org.junit.Assert.assertEquals(Assert.java:117)
at org.junit.Assert.assertEquals(Assert.java:146)
at stepDefinition.ServiceSteps.verifyInvalidEmailMessage(ServiceSteps.java:77)
at ✽.I should see an error message for invalid email(file:///C:/WorkSpaces/Sprint2/sprint2/LibraryManagement/src/test/java/features/servicePage.feature:28)
]]>
            </full-stacktrace>
          </exception> <!-- org.junit.ComparisonFailure -->
          <reporter-output>
          </reporter-output>
        </test-method> <!-- runScenario -->
        <test-method signature="runScenario(io.cucumber.testng.PickleWrapper,io.cucumber.testng.FeatureWrapper)[pri:0, instance:runner.RunnerTest@49912c99]" started-at="2025-07-29T15:53:36 IST" name="runScenario" description="Runs Cucumber Scenarios" data-provider="scenarios" finished-at="2025-07-29T15:53:49 IST" duration-ms="12431" status="PASS">
          <params>
            <param index="0">
              <value>
                <![CDATA["Validate Email option with blank email id"]]>
              </value>
            </param>
            <param index="1">
              <value>
                <![CDATA["Contact and Query resolving services"]]>
              </value>
            </param>
          </params>
          <reporter-output>
          </reporter-output>
        </test-method> <!-- runScenario -->
        <test-method signature="runScenario(io.cucumber.testng.PickleWrapper,io.cucumber.testng.FeatureWrapper)[pri:0, instance:runner.RunnerTest@49912c99]" started-at="2025-07-29T15:53:49 IST" name="runScenario" description="Runs Cucumber Scenarios" data-provider="scenarios" finished-at="2025-07-29T15:54:02 IST" duration-ms="13053" status="PASS">
          <params>
            <param index="0">
              <value>
                <![CDATA["Validate Chat section with valid phone number"]]>
              </value>
            </param>
            <param index="1">
              <value>
                <![CDATA["Contact and Query resolving services"]]>
              </value>
            </param>
          </params>
          <reporter-output>
          </reporter-output>
        </test-method> <!-- runScenario -->
        <test-method signature="runScenario(io.cucumber.testng.PickleWrapper,io.cucumber.testng.FeatureWrapper)[pri:0, instance:runner.RunnerTest@49912c99]" started-at="2025-07-29T15:54:02 IST" name="runScenario" description="Runs Cucumber Scenarios" data-provider="scenarios" finished-at="2025-07-29T15:54:15 IST" duration-ms="12918" status="FAIL">
          <params>
            <param index="0">
              <value>
                <![CDATA["Validate Chat section with invalid phone number"]]>
              </value>
            </param>
            <param index="1">
              <value>
                <![CDATA["Contact and Query resolving services"]]>
              </value>
            </param>
          </params>
          <exception class="org.junit.ComparisonFailure">
            <message>
              <![CDATA[expected:<[Invalid phone message not displayed]> but was:<[Message Sent Successfully]>]]>
            </message>
            <full-stacktrace>
              <![CDATA[org.junit.ComparisonFailure: expected:<[Invalid phone message not displayed]> but was:<[Message Sent Successfully]>
at org.junit.Assert.assertEquals(Assert.java:117)
at org.junit.Assert.assertEquals(Assert.java:146)
at stepDefinition.ServiceSteps.verifyInvalidPhoneMessage(ServiceSteps.java:92)
at ✽.I should see an error message for invalid phone(file:///C:/WorkSpaces/Sprint2/sprint2/LibraryManagement/src/test/java/features/servicePage.feature:54)
]]>
            </full-stacktrace>
          </exception> <!-- org.junit.ComparisonFailure -->
          <reporter-output>
          </reporter-output>
        </test-method> <!-- runScenario -->
        <test-method signature="runScenario(io.cucumber.testng.PickleWrapper,io.cucumber.testng.FeatureWrapper)[pri:0, instance:runner.RunnerTest@49912c99]" started-at="2025-07-29T15:54:15 IST" name="runScenario" description="Runs Cucumber Scenarios" data-provider="scenarios" finished-at="2025-07-29T15:54:28 IST" duration-ms="12959" status="PASS">
          <params>
            <param index="0">
              <value>
                <![CDATA["Validate Chat section with blank phone number"]]>
              </value>
            </param>
            <param index="1">
              <value>
                <![CDATA["Contact and Query resolving services"]]>
              </value>
            </param>
          </params>
          <reporter-output>
          </reporter-output>
        </test-method> <!-- runScenario -->
        <test-method signature="runScenario(io.cucumber.testng.PickleWrapper,io.cucumber.testng.FeatureWrapper)[pri:0, instance:runner.RunnerTest@49912c99]" started-at="2025-07-29T15:54:28 IST" name="runScenario" description="Runs Cucumber Scenarios" data-provider="scenarios" finished-at="2025-07-29T15:54:42 IST" duration-ms="14749" status="PASS">
          <params>
            <param index="0">
              <value>
                <![CDATA["Validate Chat section with valid name"]]>
              </value>
            </param>
            <param index="1">
              <value>
                <![CDATA["Contact and Query resolving services"]]>
              </value>
            </param>
          </params>
          <reporter-output>
          </reporter-output>
        </test-method> <!-- runScenario -->
        <test-method signature="runScenario(io.cucumber.testng.PickleWrapper,io.cucumber.testng.FeatureWrapper)[pri:0, instance:runner.RunnerTest@49912c99]" started-at="2025-07-29T15:54:42 IST" name="runScenario" description="Runs Cucumber Scenarios" data-provider="scenarios" finished-at="2025-07-29T15:54:56 IST" duration-ms="13101" status="FAIL">
          <params>
            <param index="0">
              <value>
                <![CDATA["Validate Chat section with invalid name"]]>
              </value>
            </param>
            <param index="1">
              <value>
                <![CDATA["Contact and Query resolving services"]]>
              </value>
            </param>
          </params>
          <exception class="org.junit.ComparisonFailure">
            <message>
              <![CDATA[expected:<[Invalid name message not displayed]> but was:<[Message Sent Successfully]>]]>
            </message>
            <full-stacktrace>
              <![CDATA[org.junit.ComparisonFailure: expected:<[Invalid name message not displayed]> but was:<[Message Sent Successfully]>
at org.junit.Assert.assertEquals(Assert.java:117)
at org.junit.Assert.assertEquals(Assert.java:146)
at stepDefinition.ServiceSteps.verifyInvalidNameMessage(ServiceSteps.java:107)
at ✽.I should see an error message for invalid name(file:///C:/WorkSpaces/Sprint2/sprint2/LibraryManagement/src/test/java/features/servicePage.feature:81)
]]>
            </full-stacktrace>
          </exception> <!-- org.junit.ComparisonFailure -->
          <reporter-output>
          </reporter-output>
        </test-method> <!-- runScenario -->
        <test-method signature="runScenario(io.cucumber.testng.PickleWrapper,io.cucumber.testng.FeatureWrapper)[pri:0, instance:runner.RunnerTest@49912c99]" started-at="2025-07-29T15:54:56 IST" name="runScenario" description="Runs Cucumber Scenarios" data-provider="scenarios" finished-at="2025-07-29T15:55:09 IST" duration-ms="13838" status="PASS">
          <params>
            <param index="0">
              <value>
                <![CDATA["Validate Chat section with blank name"]]>
              </value>
            </param>
            <param index="1">
              <value>
                <![CDATA["Contact and Query resolving services"]]>
              </value>
            </param>
          </params>
          <reporter-output>
          </reporter-output>
        </test-method> <!-- runScenario -->
        <test-method is-config="true" signature="tearDownClass()[pri:0, instance:runner.RunnerTest@49912c99]" started-at="2025-07-29T15:55:10 IST" name="tearDownClass" finished-at="2025-07-29T15:55:10 IST" duration-ms="181" status="PASS">
          <reporter-output>
          </reporter-output>
        </test-method> <!-- tearDownClass -->
      </class> <!-- runner.RunnerTest -->
    </test> <!-- Default test -->
  </suite> <!-- Default suite -->
</testng-results>
